# JRE version: OpenJDK Runtime Environment (11.0.8+10) (build 11.0.8+10-post-Ubuntu-0ubuntu120.04)
# Java VM: OpenJDK 64-Bit Server VM (11.0.8+10-post-Ubuntu-0ubuntu120.04, mixed mode, sharing, tiered, compressed oops, g1 gc, linux-amd64)
Heap:
 garbage-first heap   total 65536K, used 25620K [0x00000000c2e00000, 0x0000000100000000)
  region size 1024K, 14 young (14336K), 4 survivors (4096K)
 Metaspace       used 14627K, capacity 15220K, committed 15488K, reserved 1062912K
  class space    used 1841K, capacity 2087K, committed 2176K, reserved 1048576K
GC Heap History (6 events):
Event: 0.806 GC heap before
{Heap before GC invocations=0 (full 0):
 garbage-first heap   total 65536K, used 14020K [0x00000000c2e00000, 0x0000000100000000)
  region size 1024K, 14 young (14336K), 0 survivors (0K)
 Metaspace       used 4072K, capacity 5595K, committed 5760K, reserved 1056768K
  class space    used 413K, capacity 567K, committed 640K, reserved 1048576K
}
Event: 0.817 GC heap after
{Heap after GC invocations=1 (full 0):
 garbage-first heap   total 65536K, used 2296K [0x00000000c2e00000, 0x0000000100000000)
  region size 1024K, 2 young (2048K), 2 survivors (2048K)
 Metaspace       used 4072K, capacity 5595K, committed 5760K, reserved 1056768K
  class space    used 413K, capacity 567K, committed 640K, reserved 1048576K
}
Event: 10.198 GC heap before
{Heap before GC invocations=1 (full 0):
 garbage-first heap   total 65536K, used 38136K [0x00000000c2e00000, 0x0000000100000000)
  region size 1024K, 37 young (37888K), 2 survivors (2048K)
 Metaspace       used 9020K, capacity 9718K, committed 9728K, reserved 1058816K
  class space    used 1119K, capacity 1270K, committed 1280K, reserved 1048576K
}
Event: 10.206 GC heap after
{Heap after GC invocations=2 (full 0):
 garbage-first heap   total 65536K, used 3463K [0x00000000c2e00000, 0x0000000100000000)
  region size 1024K, 3 young (3072K), 3 survivors (3072K)
 Metaspace       used 9020K, capacity 9718K, committed 9728K, reserved 1058816K
  class space    used 1119K, capacity 1270K, committed 1280K, reserved 1048576K
}
Event: 11.287 GC heap before
{Heap before GC invocations=2 (full 0):
 garbage-first heap   total 65536K, used 40327K [0x00000000c2e00000, 0x0000000100000000)
  region size 1024K, 37 young (37888K), 3 survivors (3072K)
 Metaspace       used 13044K, capacity 13621K, committed 13824K, reserved 1060864K
  class space    used 1734K, capacity 1978K, committed 2048K, reserved 1048576K
}
Event: 11.302 GC heap after
{Heap after GC invocations=3 (full 0):
 garbage-first heap   total 65536K, used 8212K [0x00000000c2e00000, 0x0000000100000000)
  region size 1024K, 4 young (4096K), 4 survivors (4096K)
 Metaspace       used 13044K, capacity 13621K, committed 13824K, reserved 1060864K
  class space    used 1734K, capacity 1978K, committed 2048K, reserved 1048576K
}

